<?xml version="1.0" encoding="UTF-8"?>
<testng-results skipped="0" failed="0" total="2" passed="2">
  <reporter-output>
  </reporter-output>
  <suite name="Test Newtours Site" duration-ms="47832" started-at="2017-08-13T19:39:47Z" finished-at="2017-08-13T19:40:35Z">
    <groups>
    </groups>
    <test name="Complete NewTours Site Test" duration-ms="47832" started-at="2017-08-13T19:39:47Z" finished-at="2017-08-13T19:40:35Z">
      <class name="com.ConstantMD.PosTest.Test.LoginTest">
        <test-method status="PASS" signature="checkLoginPageTitle()[pri:0, instance:com.ConstantMD.PosTest.Test.LoginTest@78c730]" name="checkLoginPageTitle" duration-ms="34933" started-at="2017-08-14T01:39:47Z" finished-at="2017-08-14T01:40:22Z">
          <reporter-output>
          </reporter-output>
        </test-method> <!-- checkLoginPageTitle -->
        <test-method status="PASS" signature="loginTest(java.util.List)[pri:0, instance:com.ConstantMD.PosTest.Test.LoginTest@78c730]" name="loginTest" duration-ms="9250" started-at="2017-08-14T01:40:25Z" data-provider="logindataprovider" finished-at="2017-08-14T01:40:35Z">
          <params>
            <param index="0">
              <value>
                <![CDATA[[LoginDto [username=rabbi, password=123456, securityquestion=dhaka]]]]>
              </value>
            </param>
          </params>
          <reporter-output>
          </reporter-output>
        </test-method> <!-- loginTest -->
      </class> <!-- com.ConstantMD.PosTest.Test.LoginTest -->
    </test> <!-- Complete NewTours Site Test -->
  </suite> <!-- Test Newtours Site -->
</testng-results>
