<?xml version="1.0" encoding="UTF-8"?>
<!-- Generated by org.testng.reporters.JUnitXMLReporter -->
<testsuite hostname="nahian-PC" name="Complete NewTours Site Test" tests="3" failures="0" timestamp="28 Jul 2017 18:26:41 GMT" time="51.151" errors="0">
  <testcase name="initiateLogin" time="44.542" classname="com.ConstantMD.PosTest.Test.CustomerTest"/>
  <testcase name="checkCustomerPageTitle" time="3.093" classname="com.ConstantMD.PosTest.Test.CustomerTest"/>
  <testcase name="addNewCustomertest" time="3.451" classname="com.ConstantMD.PosTest.Test.CustomerTest"/>
</testsuite> <!-- Complete NewTours Site Test -->
