<?xml version="1.0" encoding="UTF-8"?>
<!-- Generated by org.testng.reporters.JUnitXMLReporter -->
<testsuite hostname="nahian-PC" name="Complete NewTours Site Test" tests="4" failures="1" timestamp="14 Aug 2017 11:20:02 GMT" time="41.407" errors="0">
  <testcase name="checkLoginPageTitle" time="31.042" classname="com.ConstantMD.PosTest.Test.LoginTest"/>
  <testcase name="loginTest" time="7.268" classname="com.ConstantMD.PosTest.Test.LoginTest"/>
  <testcase name="checkCustomerPageTitle" time="0.007" classname="com.ConstantMD.PosTest.Test.CustomerTest">
    <failure type="java.lang.NullPointerException">
      <![CDATA[java.lang.NullPointerException
	at com.ConstantMD.PosTest.Test.CustomerTest.checkCustomerPageTitle(CustomerTest.java:30)
... Removed 24 stack frames]]>
    </failure>
  </testcase> <!-- checkCustomerPageTitle -->
  <testcase name="addnewcustomerTest" time="0.0" classname="com.ConstantMD.PosTest.Test.CustomerTest"/>
</testsuite> <!-- Complete NewTours Site Test -->
